[debug] [2020-09-29T18:24:56.546Z] ----------------------------------------------------------------------
[debug] [2020-09-29T18:24:56.554Z] Command:       C:\Program Files\nodejs\node.exe C:\Users\Alv\AppData\Roaming\npm\node_modules\firebase-tools\lib\bin\firebase.js emulators:start
[debug] [2020-09-29T18:24:56.556Z] CLI Version:   8.10.0
[debug] [2020-09-29T18:24:56.556Z] Platform:      win32
[debug] [2020-09-29T18:24:56.556Z] Node Version:  v14.9.0
[debug] [2020-09-29T18:24:56.657Z] Time:          Tue Sep 29 2020 14:24:56 GMT-0400 (Eastern Daylight Time)
[debug] [2020-09-29T18:24:56.658Z] ----------------------------------------------------------------------
[debug] [2020-09-29T18:24:56.658Z] 
[debug] [2020-09-29T18:24:56.769Z] > command requires scopes: ["email","openid","https://www.googleapis.com/auth/cloudplatformprojects.readonly","https://www.googleapis.com/auth/firebase","https://www.googleapis.com/auth/cloud-platform"]
[debug] [2020-09-29T18:24:56.771Z] > authorizing via signed-in user
[info] i  emulators: Starting emulators: functions, hosting {"metadata":{"emulator":{"name":"hub"},"message":"Starting emulators: functions, hosting"}}
[warn] !  emulators: It seems that you are running multiple instances of the emulator suite for project clone-c1a98. This may result in unexpected behavior. 
[debug] [2020-09-29T18:24:57.268Z] [hub] writing locator at C:\Users\Alv\AppData\Local\Temp\hub-clone-c1a98.json
[warn] !  functions: The following emulators are not running, calls to these services from the Functions emulator will affect production: firestore, database, pubsub {"metadata":{"emulator":{"name":"functions"},"message":"The following emulators are not running, calls to these services from the Functions emulator will affect production: \u001b[1mfirestore, database, pubsub\u001b[22m"}}
[warn] !  Your requested "node" version "10" doesn't match your global version "14" {"metadata":{"emulator":{"name":"functions"},"message":"Your requested \"node\" version \"10\" doesn't match your global version \"14\""}}
[debug] [2020-09-29T18:24:57.587Z] defaultcredentials: writing to file C:\Users\Alv\AppData\Roaming\firebase\fahad994_gmail_com_application_default_credentials.json
[debug] [2020-09-29T18:24:57.803Z] Setting GAC to C:\Users\Alv\AppData\Roaming\firebase\fahad994_gmail_com_application_default_credentials.json {"metadata":{"emulator":{"name":"functions"},"message":"Setting GAC to C:\\Users\\Alv\\AppData\\Roaming\\firebase\\fahad994_gmail_com_application_default_credentials.json"}}
[debug] [2020-09-29T18:24:57.826Z] > refreshing access token with scopes: ["email","https://www.googleapis.com/auth/cloud-platform","https://www.googleapis.com/auth/cloudplatformprojects.readonly","https://www.googleapis.com/auth/firebase","openid"]
[debug] [2020-09-29T18:24:57.827Z] >>> HTTP REQUEST POST https://www.googleapis.com/oauth2/v3/token  
 <request body omitted>
[debug] [2020-09-29T18:24:58.116Z] <<< HTTP RESPONSE 200 {"content-type":"application/json; charset=utf-8","vary":"X-Origin, Referer, Origin,Accept-Encoding","date":"Tue, 29 Sep 2020 18:24:58 GMT","server":"scaffolding on HTTPServer2","cache-control":"private","x-xss-protection":"0","x-frame-options":"SAMEORIGIN","x-content-type-options":"nosniff","alt-svc":"h3-Q050=\":443\"; ma=2592000,h3-29=\":443\"; ma=2592000,h3-27=\":443\"; ma=2592000,h3-T051=\":443\"; ma=2592000,h3-T050=\":443\"; ma=2592000,h3-Q046=\":443\"; ma=2592000,h3-Q043=\":443\"; ma=2592000,quic=\":443\"; ma=2592000; v=\"46,43\"","accept-ranges":"none","transfer-encoding":"chunked"}
[debug] [2020-09-29T18:24:58.176Z] >>> HTTP REQUEST GET https://firebase.googleapis.com/v1beta1/projects/clone-c1a98/webApps/-/config  
 
[debug] [2020-09-29T18:24:58.643Z] <<< HTTP RESPONSE 200 {"content-type":"application/json; charset=UTF-8","vary":"X-Origin, Referer, Origin,Accept-Encoding","date":"Tue, 29 Sep 2020 18:24:59 GMT","server":"ESF","cache-control":"private","x-xss-protection":"0","x-frame-options":"SAMEORIGIN","x-content-type-options":"nosniff","alt-svc":"h3-Q050=\":443\"; ma=2592000,h3-29=\":443\"; ma=2592000,h3-27=\":443\"; ma=2592000,h3-T051=\":443\"; ma=2592000,h3-T050=\":443\"; ma=2592000,h3-Q046=\":443\"; ma=2592000,h3-Q043=\":443\"; ma=2592000,quic=\":443\"; ma=2592000; v=\"46,43\"","accept-ranges":"none","transfer-encoding":"chunked"}
[info] i  hosting: Serving hosting files from: build {"metadata":{"emulator":{"name":"hosting"},"message":"Serving hosting files from: \u001b[1mbuild\u001b[22m"}}
[info] +  hosting: Local server: http://localhost:5000 {"metadata":{"emulator":{"name":"hosting"},"message":"Local server: \u001b[4m\u001b[1mhttp://localhost:5000\u001b[22m\u001b[24m"}}
[debug] [2020-09-29T18:24:59.052Z] Ignoring unsupported arg: auto_download {"metadata":{"emulator":{"name":"ui"},"message":"Ignoring unsupported arg: auto_download"}}
[debug] [2020-09-29T18:24:59.054Z] Ignoring unsupported arg: port {"metadata":{"emulator":{"name":"ui"},"message":"Ignoring unsupported arg: port"}}
[debug] [2020-09-29T18:24:59.055Z] Starting Emulator UI with command {"binary":"node","args":["C:\\Users\\Alv\\.cache\\firebase\\emulators\\ui-v1.1.1\\server.bundle.js"],"optionalArgs":[],"joinArgs":false} {"metadata":{"emulator":{"name":"ui"},"message":"Starting Emulator UI with command {\"binary\":\"node\",\"args\":[\"C:\\\\Users\\\\Alv\\\\.cache\\\\firebase\\\\emulators\\\\ui-v1.1.1\\\\server.bundle.js\"],\"optionalArgs\":[],\"joinArgs\":false}"}}
[info] i  ui: Emulator UI logging to ui-debug.log {"metadata":{"emulator":{"name":"ui"},"message":"Emulator UI logging to \u001b[1mui-debug.log\u001b[22m"}}
[debug] [2020-09-29T18:24:59.693Z] Web / API server started at http://localhost:4000
 {"metadata":{"emulator":{"name":"ui"},"message":"Web / API server started at http://localhost:4000\n"}}
[info] i  functions: Watching "C:\Users\Alv\Downloads\MY_Projects\ReactProjects\amazon-clone2020\amazon-clone\functions" for Cloud Functions... {"metadata":{"emulator":{"name":"functions"},"message":"Watching \"C:\\Users\\Alv\\Downloads\\MY_Projects\\ReactProjects\\amazon-clone2020\\amazon-clone\\functions\" for Cloud Functions..."}}
[debug] [2020-09-29T18:24:59.872Z] [worker-pool] addWorker(~diagnostic~) {"metadata":{"emulator":{"name":"functions"},"message":"[worker-pool] addWorker(~diagnostic~)"}}
[debug] [2020-09-29T18:24:59.873Z] [worker-pool] Adding worker with key ~diagnostic~, total=1 {"metadata":{"emulator":{"name":"functions"},"message":"[worker-pool] Adding worker with key ~diagnostic~, total=1"}}
[debug] [2020-09-29T18:24:59.873Z] [worker-pool] submitWork(triggerId=) {"metadata":{"emulator":{"name":"functions"},"message":"[worker-pool] submitWork(triggerId=)"}}
[debug] [2020-09-29T18:24:59.874Z] [worker-~diagnostic~-c3ce4053-5f00-4235-9ed6-8a7d361e18b8]: Assigning socketPath: \\?\pipe\C:\Users\Alv\Downloads\MY_Projects\ReactProjects\amazon-clone2020\amazon-clone\functions\20672 {"metadata":{"emulator":{"name":"functions"},"message":"[worker-~diagnostic~-c3ce4053-5f00-4235-9ed6-8a7d361e18b8]: Assigning socketPath: \\\\?\\pipe\\C:\\Users\\Alv\\Downloads\\MY_Projects\\ReactProjects\\amazon-clone2020\\amazon-clone\\functions\\20672"}}
[debug] [2020-09-29T18:24:59.875Z] [worker-~diagnostic~-c3ce4053-5f00-4235-9ed6-8a7d361e18b8]: BUSY {"metadata":{"emulator":{"name":"functions"},"message":"[worker-~diagnostic~-c3ce4053-5f00-4235-9ed6-8a7d361e18b8]: BUSY"}}
[debug] [2020-09-29T18:25:05.622Z] [runtime-status] [20672] Functions runtime initialized. {"cwd":"C:\\Users\\Alv\\Downloads\\MY_Projects\\ReactProjects\\amazon-clone2020\\amazon-clone\\functions","node_version":"14.9.0"} {"metadata":{"emulator":{"name":"functions"},"message":"[runtime-status] [20672] Functions runtime initialized. {\"cwd\":\"C:\\\\Users\\\\Alv\\\\Downloads\\\\MY_Projects\\\\ReactProjects\\\\amazon-clone2020\\\\amazon-clone\\\\functions\",\"node_version\":\"14.9.0\"}"}}
[debug] [2020-09-29T18:25:05.623Z] [runtime-status] [20672] Disabled runtime features: undefined {"metadata":{"emulator":{"name":"functions"},"message":"[runtime-status] [20672] Disabled runtime features: undefined"}}
[debug] [2020-09-29T18:25:05.747Z] [runtime-status] [20672] Resolved module firebase-admin {"declared":true,"installed":true,"version":"8.13.0","resolution":"C:\\Users\\Alv\\Downloads\\MY_Projects\\ReactProjects\\amazon-clone2020\\amazon-clone\\functions\\node_modules\\firebase-admin\\lib\\index.js"} {"metadata":{"emulator":{"name":"functions"},"message":"[runtime-status] [20672] Resolved module firebase-admin {\"declared\":true,\"installed\":true,\"version\":\"8.13.0\",\"resolution\":\"C:\\\\Users\\\\Alv\\\\Downloads\\\\MY_Projects\\\\ReactProjects\\\\amazon-clone2020\\\\amazon-clone\\\\functions\\\\node_modules\\\\firebase-admin\\\\lib\\\\index.js\"}"}}
[debug] [2020-09-29T18:25:05.835Z] [runtime-status] [20672] Resolved module firebase-functions {"declared":true,"installed":true,"version":"3.11.0","resolution":"C:\\Users\\Alv\\Downloads\\MY_Projects\\ReactProjects\\amazon-clone2020\\amazon-clone\\functions\\node_modules\\firebase-functions\\lib\\index.js"} {"metadata":{"emulator":{"name":"functions"},"message":"[runtime-status] [20672] Resolved module firebase-functions {\"declared\":true,\"installed\":true,\"version\":\"3.11.0\",\"resolution\":\"C:\\\\Users\\\\Alv\\\\Downloads\\\\MY_Projects\\\\ReactProjects\\\\amazon-clone2020\\\\amazon-clone\\\\functions\\\\node_modules\\\\firebase-functions\\\\lib\\\\index.js\"}"}}
[debug] [2020-09-29T18:25:05.839Z] [runtime-status] [20672] Resolved module firebase-functions {"declared":true,"installed":true,"version":"3.11.0","resolution":"C:\\Users\\Alv\\Downloads\\MY_Projects\\ReactProjects\\amazon-clone2020\\amazon-clone\\functions\\node_modules\\firebase-functions\\lib\\index.js"} {"metadata":{"emulator":{"name":"functions"},"message":"[runtime-status] [20672] Resolved module firebase-functions {\"declared\":true,\"installed\":true,\"version\":\"3.11.0\",\"resolution\":\"C:\\\\Users\\\\Alv\\\\Downloads\\\\MY_Projects\\\\ReactProjects\\\\amazon-clone2020\\\\amazon-clone\\\\functions\\\\node_modules\\\\firebase-functions\\\\lib\\\\index.js\"}"}}
[debug] [2020-09-29T18:25:05.843Z] [runtime-status] [20672] Outgoing network have been stubbed. [{"name":"http","status":"mocked"},{"name":"http","status":"mocked"},{"name":"https","status":"mocked"},{"name":"https","status":"mocked"},{"name":"net","status":"mocked"}] {"metadata":{"emulator":{"name":"functions"},"message":"[runtime-status] [20672] Outgoing network have been stubbed. [{\"name\":\"http\",\"status\":\"mocked\"},{\"name\":\"http\",\"status\":\"mocked\"},{\"name\":\"https\",\"status\":\"mocked\"},{\"name\":\"https\",\"status\":\"mocked\"},{\"name\":\"net\",\"status\":\"mocked\"}]"}}
[debug] [2020-09-29T18:25:05.844Z] [runtime-status] [20672] Resolved module firebase-functions {"declared":true,"installed":true,"version":"3.11.0","resolution":"C:\\Users\\Alv\\Downloads\\MY_Projects\\ReactProjects\\amazon-clone2020\\amazon-clone\\functions\\node_modules\\firebase-functions\\lib\\index.js"} {"metadata":{"emulator":{"name":"functions"},"message":"[runtime-status] [20672] Resolved module firebase-functions {\"declared\":true,\"installed\":true,\"version\":\"3.11.0\",\"resolution\":\"C:\\\\Users\\\\Alv\\\\Downloads\\\\MY_Projects\\\\ReactProjects\\\\amazon-clone2020\\\\amazon-clone\\\\functions\\\\node_modules\\\\firebase-functions\\\\lib\\\\index.js\"}"}}
[debug] [2020-09-29T18:25:07.586Z] [runtime-status] [20672] Checked functions.config() {"config":{}} {"metadata":{"emulator":{"name":"functions"},"message":"[runtime-status] [20672] Checked functions.config() {\"config\":{}}"}}
[debug] [2020-09-29T18:25:07.587Z] [runtime-status] [20672] firebase-functions has been stubbed. {"functionsResolution":{"declared":true,"installed":true,"version":"3.11.0","resolution":"C:\\Users\\Alv\\Downloads\\MY_Projects\\ReactProjects\\amazon-clone2020\\amazon-clone\\functions\\node_modules\\firebase-functions\\lib\\index.js"}} {"metadata":{"emulator":{"name":"functions"},"message":"[runtime-status] [20672] firebase-functions has been stubbed. {\"functionsResolution\":{\"declared\":true,\"installed\":true,\"version\":\"3.11.0\",\"resolution\":\"C:\\\\Users\\\\Alv\\\\Downloads\\\\MY_Projects\\\\ReactProjects\\\\amazon-clone2020\\\\amazon-clone\\\\functions\\\\node_modules\\\\firebase-functions\\\\lib\\\\index.js\"}}"}}
[debug] [2020-09-29T18:25:07.588Z] [runtime-status] [20672] Resolved module firebase-functions {"declared":true,"installed":true,"version":"3.11.0","resolution":"C:\\Users\\Alv\\Downloads\\MY_Projects\\ReactProjects\\amazon-clone2020\\amazon-clone\\functions\\node_modules\\firebase-functions\\lib\\index.js"} {"metadata":{"emulator":{"name":"functions"},"message":"[runtime-status] [20672] Resolved module firebase-functions {\"declared\":true,\"installed\":true,\"version\":\"3.11.0\",\"resolution\":\"C:\\\\Users\\\\Alv\\\\Downloads\\\\MY_Projects\\\\ReactProjects\\\\amazon-clone2020\\\\amazon-clone\\\\functions\\\\node_modules\\\\firebase-functions\\\\lib\\\\index.js\"}"}}
[debug] [2020-09-29T18:25:07.591Z] [runtime-status] [20672] Resolved module firebase-admin {"declared":true,"installed":true,"version":"8.13.0","resolution":"C:\\Users\\Alv\\Downloads\\MY_Projects\\ReactProjects\\amazon-clone2020\\amazon-clone\\functions\\node_modules\\firebase-admin\\lib\\index.js"} {"metadata":{"emulator":{"name":"functions"},"message":"[runtime-status] [20672] Resolved module firebase-admin {\"declared\":true,\"installed\":true,\"version\":\"8.13.0\",\"resolution\":\"C:\\\\Users\\\\Alv\\\\Downloads\\\\MY_Projects\\\\ReactProjects\\\\amazon-clone2020\\\\amazon-clone\\\\functions\\\\node_modules\\\\firebase-admin\\\\lib\\\\index.js\"}"}}
[debug] [2020-09-29T18:25:07.593Z] [runtime-status] [20672] Resolved module firebase-functions {"declared":true,"installed":true,"version":"3.11.0","resolution":"C:\\Users\\Alv\\Downloads\\MY_Projects\\ReactProjects\\amazon-clone2020\\amazon-clone\\functions\\node_modules\\firebase-functions\\lib\\index.js"} {"metadata":{"emulator":{"name":"functions"},"message":"[runtime-status] [20672] Resolved module firebase-functions {\"declared\":true,\"installed\":true,\"version\":\"3.11.0\",\"resolution\":\"C:\\\\Users\\\\Alv\\\\Downloads\\\\MY_Projects\\\\ReactProjects\\\\amazon-clone2020\\\\amazon-clone\\\\functions\\\\node_modules\\\\firebase-functions\\\\lib\\\\index.js\"}"}}
[debug] [2020-09-29T18:25:07.593Z] [runtime-status] [20672] firebase-admin has been stubbed. {"adminResolution":{"declared":true,"installed":true,"version":"8.13.0","resolution":"C:\\Users\\Alv\\Downloads\\MY_Projects\\ReactProjects\\amazon-clone2020\\amazon-clone\\functions\\node_modules\\firebase-admin\\lib\\index.js"}} {"metadata":{"emulator":{"name":"functions"},"message":"[runtime-status] [20672] firebase-admin has been stubbed. {\"adminResolution\":{\"declared\":true,\"installed\":true,\"version\":\"8.13.0\",\"resolution\":\"C:\\\\Users\\\\Alv\\\\Downloads\\\\MY_Projects\\\\ReactProjects\\\\amazon-clone2020\\\\amazon-clone\\\\functions\\\\node_modules\\\\firebase-admin\\\\lib\\\\index.js\"}}"}}
[info] +  functions[api]: http function initialized (http://localhost:5001/clone-c1a98/us-central1/api). {"metadata":{"emulator":{"name":"functions"},"message":"\u001b[1mhttp\u001b[22m function initialized (http://localhost:5001/clone-c1a98/us-central1/api)."}}
[info] 
┌───────────────────────────────────────────────────────────────────────┐
│ ✔  All emulators ready! View status and logs at http://localhost:4000 │
└───────────────────────────────────────────────────────────────────────┘

┌───────────┬────────────────┬─────────────────────────────────┐
│ Emulator  │ Host:Port      │ View in Emulator UI             │
├───────────┼────────────────┼─────────────────────────────────┤
│ Functions │ localhost:5001 │ http://localhost:4000/functions │
├───────────┼────────────────┼─────────────────────────────────┤
│ Hosting   │ localhost:5000 │ n/a                             │
└───────────┴────────────────┴─────────────────────────────────┘
  Other reserved ports: 4400, 4500

Issues? Report them at https://github.com/firebase/firebase-tools/issues and attach the *-debug.log files.
 
[debug] [2020-09-29T18:25:14.808Z] [worker-~diagnostic~-c3ce4053-5f00-4235-9ed6-8a7d361e18b8]: IDLE {"metadata":{"emulator":{"name":"functions"},"message":"[worker-~diagnostic~-c3ce4053-5f00-4235-9ed6-8a7d361e18b8]: IDLE"}}
